<?xml version="1.0" encoding="UTF-8"?>
<!-- Generated by org.testng.reporters.JUnitReportReporter -->
<testsuite hostname="DESKTOP-KE0TQTK" failures="0" tests="1" name="s2.GoogleTitleTest" time="22.618" errors="0" timestamp="20 Jan 2025 13:39:51 GMT" skipped="0">
  <testcase classname="s2.GoogleTitleTest" name="verifyGoogleURL" time="22.618"/>
</testsuite> <!-- s2.GoogleTitleTest -->
